\BOOKMARK [0][-]{section*.2}{\376\377\000T\000\363\000m\000\040\000t\036\257\000t}{}% 1
\BOOKMARK [0][-]{chapter*.6}{\376\377\000T\000h\000\364\000n\000g\000\040\000t\000i\000n\000\040\000s\000i\000n\000h\000\040\000v\000i\000\352\000n\000\040\000t\000h\036\361\000c\000\040\000h\000i\036\307\000n}{}% 2
\BOOKMARK [0][-]{chapter.1}{\376\377\000M\036\337\000\040\001\021\036\247\000u}{}% 3
\BOOKMARK [1][-]{section.1.1}{\376\377\000L\000\375\000\040\000d\000o\000\040\000c\000h\036\315\000n\000\040\001\021\036\301\000\040\000t\000\340\000i}{chapter.1}% 4
\BOOKMARK [1][-]{section.1.2}{\376\377\000B\000\340\000i\000\040\000t\000o\000\341\000n\000\040\000v\000\340\000\040\000M\036\345\000c\000\040\000t\000i\000\352\000u\000\040\000n\000g\000h\000i\000\352\000n\000\040\000c\036\351\000u}{chapter.1}% 5
\BOOKMARK [1][-]{section.1.3}{\376\377\001\020\000\363\000n\000g\000\040\000g\000\363\000p\000\040\000c\036\347\000a\000\040\001\021\036\301\000\040\000t\000\340\000i\000\040\000v\000\340\000\040\000B\036\321\000\040\000c\036\345\000c\000\040\000b\000\341\000o\000\040\000c\000\341\000o}{chapter.1}% 6
\BOOKMARK [0][-]{chapter.2}{\376\377\000T\036\325\000n\000g\000\040\000q\000u\000a\000n\000\040\000v\000\340\000\040\000c\001\241\000\040\000s\036\337\000\040\000l\000\375\000\040\000t\000h\000u\000y\036\277\000t}{}% 7
\BOOKMARK [1][-]{section.2.1}{\376\377\000K\000h\000\341\000i\000\040\000n\000i\036\307\000m\000\040\000A\000u\000d\000i\000t\000\040\000T\000r\000a\000i\000l\000/\000A\000u\000d\000i\000t\000\040\000L\000o\000g\000\040\000v\000\340\000\040\000y\000\352\000u\000\040\000c\036\247\000u\000\040\000h\036\307\000\040\000t\000h\036\321\000n\000g}{chapter.2}% 8
\BOOKMARK [1][-]{section.2.2}{\376\377\000C\000\341\000c\000\040\000g\000i\036\243\000i\000\040\000p\000h\000\341\000p\000\040\000A\000u\000d\000i\000t\000\040\000L\000o\000g\000\040\000h\000i\036\307\000n\000\040\000n\000a\000y}{chapter.2}% 9
\BOOKMARK [1][-]{section.2.3}{\376\377\000T\036\241\000i\000\040\000s\000a\000o\000\040\000c\000h\036\315\000n\000\040\000P\000o\000s\000t\000g\000r\000e\000S\000Q\000L\000\040\000c\000h\000o\000\040\001\021\036\301\000\040\000t\000\340\000i\000?}{chapter.2}% 10
\BOOKMARK [0][-]{chapter.3}{\376\377\000P\000h\001\260\001\241\000n\000g\000\040\000p\000h\000\341\000p\000\040\001\021\036\301\000\040\000x\000u\036\245\000t\000\040\000v\000\340\000\040\000t\000h\000i\036\277\000t\000\040\000k\036\277\000\040\000h\036\307\000\040\000t\000h\036\321\000n\000g}{}% 11
\BOOKMARK [1][-]{section.3.1}{\376\377\000K\000i\036\277\000n\000\040\000t\000r\000\372\000c\000\040\000t\036\325\000n\000g\000\040\000q\000u\000a\000n}{chapter.3}% 12
\BOOKMARK [1][-]{section.3.2}{\376\377\000T\000h\000i\036\277\000t\000\040\000k\036\277\000\040\000m\000\364\000\040\000h\000\354\000n\000h\000\040\000d\036\357\000\040\000l\000i\036\307\000u\000\040\000a\000u\000d\000i\000t\000\040\000\050\000S\000c\000h\000e\000m\000a\000\040\000D\000e\000s\000i\000g\000n\000\051}{chapter.3}% 13
\BOOKMARK [2][-]{subsection.3.2.1}{\376\377\000B\036\243\000n\000g\000\040\000a\000u\000d\000i\000t\000\137\000l\000o\000g\000s}{section.3.2}% 14
\BOOKMARK [2][-]{subsection.3.2.2}{\376\377\000B\036\243\000n\000g\000\040\000a\000u\000d\000i\000t\000\137\000d\000d\000l\000\137\000l\000o\000g\000s}{section.3.2}% 15
\BOOKMARK [1][-]{section.3.3}{\376\377\000T\000h\000i\036\277\000t\000\040\000k\036\277\000\040\000l\001\260\000u\000\040\000t\000r\036\357\000\040\000J\000S\000O\000N\000B\000\040\000v\000\340\000\040\000l\036\255\000p\000\040\000c\000h\036\311\000\040\000m\036\345\000c}{chapter.3}% 16
\BOOKMARK [1][-]{section.3.4}{\376\377\000T\000h\000i\036\277\000t\000\040\000k\036\277\000\040\000P\000a\000r\000t\000i\000t\000i\000o\000n\000i\000n\000g\000\040\000t\000h\000e\000o\000\040\000t\000h\036\335\000i\000\040\000g\000i\000a\000n}{chapter.3}% 17
\BOOKMARK [1][-]{section.3.5}{\376\377\000P\000h\000\342\000n\000\040\000t\000\355\000c\000h\000\040\001\021\000\341\000n\000h\000\040\001\021\036\325\000i\000\040\000\050\000T\000r\000a\000d\000e\000-\000o\000f\000f\000s\000\051}{chapter.3}% 18
\BOOKMARK [0][-]{chapter.4}{\376\377\000T\000r\000i\036\303\000n\000\040\000k\000h\000a\000i\000\040\000c\001\241\000\040\000c\000h\036\277\000\040\000g\000h\000i\000\040\000l\000o\000g\000,\000\040\000v\000\362\000n\000g\000\040\001\021\036\335\000i\000\040\000v\000\340\000\040\000b\036\243\000o\000\040\000m\036\255\000t}{}% 19
\BOOKMARK [1][-]{section.4.1}{\376\377\000X\000\342\000y\000\040\000d\036\361\000n\000g\000\040\000g\000e\000n\000e\000r\000i\000c\000\040\000a\000u\000d\000i\000t\000\040\000t\000r\000i\000g\000g\000e\000r\000\040\000f\000u\000n\000c\000t\000i\000o\000n}{chapter.4}% 20
\BOOKMARK [1][-]{section.4.2}{\376\377\000Q\000u\036\243\000n\000\040\000l\000\375\000\040\000v\000\362\000n\000g\000\040\001\021\036\335\000i\000\040\000d\036\357\000\040\000l\000i\036\307\000u\000\040\000\050\000D\000a\000t\000a\000\040\000L\000i\000f\000e\000c\000y\000c\000l\000e\000\051}{chapter.4}% 21
\BOOKMARK [1][-]{section.4.3}{\376\377\000C\001\241\000\040\000c\000h\036\277\000\040\000t\000r\000u\000y\000\040\000v\036\245\000n\000/\000t\000r\000\355\000c\000h\000\040\000x\000u\036\245\000t\000\040\000l\000o\000g\000\040\000v\036\333\000i\000\040\000J\000S\000O\000N\000B}{chapter.4}% 22
\BOOKMARK [1][-]{section.4.4}{DDL\040Audit\040via\040Event\040Trigger}{chapter.4}% 23
\BOOKMARK [1][-]{section.4.5}{\376\377\000B\036\243\000o\000\040\000v\036\307\000\040\000t\000\355\000n\000h\000\040\000t\000o\000\340\000n\000\040\000v\036\271\000n\000\040\000\050\000I\000m\000m\000u\000t\000a\000b\000i\000l\000i\000t\000y\000\040\000\046\000\040\000W\000O\000R\000M\000\051}{chapter.4}% 24
\BOOKMARK [1][-]{section.4.6}{\376\377\000T\000a\000m\000p\000e\000r\000-\000e\000v\000i\000d\000e\000n\000t\000\040\000l\000o\000g\000g\000i\000n\000g\000\040\000v\036\333\000i\000\040\000c\000h\000u\036\327\000i\000\040\000b\001\003\000m\000\040\000S\000H\000A\000-\0002\0005\0006}{chapter.4}% 25
\BOOKMARK [0][-]{chapter.5}{\376\377\000T\000h\036\361\000c\000\040\000n\000g\000h\000i\036\307\000m\000,\000\040\000k\000i\036\303\000m\000\040\000t\000h\036\355\000\040\000v\000\340\000\040\001\021\000\341\000n\000h\000\040\000g\000i\000\341}{}% 26
\BOOKMARK [1][-]{section.5.1}{\376\377\000M\000\364\000i\000\040\000t\000r\001\260\036\335\000n\000g\000\040\000t\000h\036\361\000c\000\040\000n\000g\000h\000i\036\307\000m}{chapter.5}% 27
\BOOKMARK [1][-]{section.5.2}{\376\377\000B\036\331\000\040\000d\036\357\000\040\000l\000i\036\307\000u}{chapter.5}% 28
\BOOKMARK [1][-]{section.5.3}{\376\377\000C\000h\036\311\000\040\000s\036\321\000\040\001\021\000o\000\040\000l\001\260\036\335\000n\000g\000\040\000\050\000M\000e\000t\000r\000i\000c\000s\000\051}{chapter.5}% 29
\BOOKMARK [1][-]{section.5.4}{\376\377\000K\036\313\000c\000h\000\040\000b\036\243\000n\000\040\0001\000\040\040\024\000\040\000H\000i\036\307\000u\000\040\000n\001\003\000n\000g\000\040\000x\036\355\000\040\000l\000\375\000\040\000\050\000S\000c\000a\000l\000i\000n\000g\000\040\000C\000u\000r\000v\000e\000\051}{chapter.5}% 30
\BOOKMARK [1][-]{section.5.5}{\376\377\000K\036\313\000c\000h\000\040\000b\036\243\000n\000\040\0002\000\040\040\024\000\040\000H\000i\036\307\000u\000\040\000n\001\003\000n\000g\000\040\000P\000a\000r\000t\000i\000t\000i\000o\000n\000i\000n\000g\000/\000R\000e\000t\000e\000n\000t\000i\000o\000n}{chapter.5}% 31
\BOOKMARK [1][-]{section.5.6}{\376\377\000K\036\313\000c\000h\000\040\000b\036\243\000n\000\040\0003\000\040\040\024\000\040\000K\000i\036\303\000m\000\040\000t\000h\036\355\000\040\000b\036\243\000o\000\040\000m\036\255\000t\000\040\000\050\000S\000e\000c\000u\000r\000i\000t\000y\000\051}{chapter.5}% 32
\BOOKMARK [1][-]{section.5.7}{\376\377\000K\036\313\000c\000h\000\040\000b\036\243\000n\000\040\0004\000\040\040\024\000\040\000T\036\321\000i\000\040\001\260\000u\000\040\000t\000r\000u\000y\000\040\000v\036\245\000n\000\040\000J\000S\000O\000N\000B\000\040\000v\036\333\000i\000\040\000G\000I\000N\000\040\000I\000n\000d\000e\000x}{chapter.5}% 33
\BOOKMARK [1][-]{section.5.8}{\376\377\000K\036\313\000c\000h\000\040\000b\036\243\000n\000\040\0005\000\040\040\024\000\040\000D\000D\000L\000\040\000A\000u\000d\000i\000t\000\040\000C\000o\000v\000e\000r\000a\000g\000e}{chapter.5}% 34
\BOOKMARK [1][-]{section.5.9}{\376\377\000C\000\341\000c\000\040\000t\000r\001\260\036\335\000n\000g\000\040\000h\036\343\000p\000\040\001\021\036\267\000c\000\040\000b\000i\036\307\000t\000\040\000\050\000E\000d\000g\000e\000\040\000C\000a\000s\000e\000s\000\051}{chapter.5}% 35
\BOOKMARK [1][-]{section.5.10}{\376\377\000T\036\325\000n\000g\000\040\000h\036\343\000p\000\040\000k\036\277\000t\000\040\000q\000u\036\243}{chapter.5}% 36
\BOOKMARK [1][-]{section.5.11}{\376\377\000B\000\354\000n\000h\000\040\000l\000u\036\255\000n\000\040\000v\000\340\000\040\000t\000h\036\243\000o\000\040\000l\000u\036\255\000n}{chapter.5}% 37
\BOOKMARK [0][-]{chapter.6}{\376\377\000K\036\277\000t\000\040\000l\000u\036\255\000n\000\040\000v\000\340\000\040\000h\001\260\036\333\000n\000g\000\040\000p\000h\000\341\000t\000\040\000t\000r\000i\036\303\000n}{}% 38
\BOOKMARK [1][-]{section.6.1}{\376\377\000K\036\277\000t\000\040\000l\000u\036\255\000n}{chapter.6}% 39
\BOOKMARK [2][-]{subsection.6.1.1}{\376\377\000T\000r\036\243\000\040\000l\036\335\000i\000\040\000c\000\342\000u\000\040\000h\036\317\000i\000\040\000n\000g\000h\000i\000\352\000n\000\040\000c\036\351\000u}{section.6.1}% 40
\BOOKMARK [1][-]{section.6.2}{\376\377\000H\001\260\036\333\000n\000g\000\040\000p\000h\000\341\000t\000\040\000t\000r\000i\036\303\000n}{chapter.6}% 41
\BOOKMARK [0][-]{chapter*.7}{\376\377\000T\000\340\000i\000\040\000l\000i\036\307\000u\000\040\000t\000h\000a\000m\000\040\000k\000h\036\243\000o}{}% 42
